C:\USERS\YUXUAN LI\DOCUMENTS\VISUAL STUDIO 2010\PROJECTS\VSMACROS80\HOMEWORK1-1\RETRY\DEBUG\RETRY.EXE
C:\USERS\YUXUAN LI\DOCUMENTS\VISUAL STUDIO 2010\PROJECTS\VSMACROS80\HOMEWORK1-1\RETRY\DEBUG\RETRY.ILK
C:\USERS\YUXUAN LI\DOCUMENTS\VISUAL STUDIO 2010\PROJECTS\VSMACROS80\HOMEWORK1-1\RETRY\DEBUG\RETRY.PDB
C:\Users\yuxuan li\Documents\Visual Studio 2010\Projects\VSMacros80\homework1-1\retry\retry\Debug\cl.command.1.tlog
C:\Users\yuxuan li\Documents\Visual Studio 2010\Projects\VSMacros80\homework1-1\retry\retry\Debug\CL.read.1.tlog
C:\Users\yuxuan li\Documents\Visual Studio 2010\Projects\VSMacros80\homework1-1\retry\retry\Debug\CL.write.1.tlog
C:\Users\yuxuan li\Documents\Visual Studio 2010\Projects\VSMacros80\homework1-1\retry\retry\Debug\link.10324.read.1.tlog
C:\Users\yuxuan li\Documents\Visual Studio 2010\Projects\VSMacros80\homework1-1\retry\retry\Debug\link.10324.write.1.tlog
C:\Users\yuxuan li\Documents\Visual Studio 2010\Projects\VSMacros80\homework1-1\retry\retry\Debug\link.10324-cvtres.read.1.tlog
C:\Users\yuxuan li\Documents\Visual Studio 2010\Projects\VSMacros80\homework1-1\retry\retry\Debug\link.10324-cvtres.write.1.tlog
C:\Users\yuxuan li\Documents\Visual Studio 2010\Projects\VSMacros80\homework1-1\retry\retry\Debug\link.command.1.tlog
C:\Users\yuxuan li\Documents\Visual Studio 2010\Projects\VSMacros80\homework1-1\retry\retry\Debug\link.read.1.tlog
C:\Users\yuxuan li\Documents\Visual Studio 2010\Projects\VSMacros80\homework1-1\retry\retry\Debug\link.write.1.tlog
C:\Users\yuxuan li\Documents\Visual Studio 2010\Projects\VSMacros80\homework1-1\retry\retry\Debug\link-cvtres.read.1.tlog
C:\Users\yuxuan li\Documents\Visual Studio 2010\Projects\VSMacros80\homework1-1\retry\retry\Debug\link-cvtres.write.1.tlog
C:\Users\yuxuan li\Documents\Visual Studio 2010\Projects\VSMacros80\homework1-1\retry\retry\Debug\mt.command.1.tlog
C:\Users\yuxuan li\Documents\Visual Studio 2010\Projects\VSMacros80\homework1-1\retry\retry\Debug\mt.read.1.tlog
C:\Users\yuxuan li\Documents\Visual Studio 2010\Projects\VSMacros80\homework1-1\retry\retry\Debug\mt.write.1.tlog
C:\Users\yuxuan li\Documents\Visual Studio 2010\Projects\VSMacros80\homework1-1\retry\retry\Debug\rc.command.1.tlog
C:\Users\yuxuan li\Documents\Visual Studio 2010\Projects\VSMacros80\homework1-1\retry\retry\Debug\rc.read.1.tlog
C:\Users\yuxuan li\Documents\Visual Studio 2010\Projects\VSMacros80\homework1-1\retry\retry\Debug\rc.write.1.tlog
C:\USERS\YUXUAN LI\DOCUMENTS\VISUAL STUDIO 2010\PROJECTS\VSMACROS80\HOMEWORK1-1\RETRY\RETRY\DEBUG\RETRY.EXE.EMBED.MANIFEST
C:\USERS\YUXUAN LI\DOCUMENTS\VISUAL STUDIO 2010\PROJECTS\VSMACROS80\HOMEWORK1-1\RETRY\RETRY\DEBUG\RETRY.EXE.EMBED.MANIFEST.RES
C:\USERS\YUXUAN LI\DOCUMENTS\VISUAL STUDIO 2010\PROJECTS\VSMACROS80\HOMEWORK1-1\RETRY\RETRY\DEBUG\RETRY.EXE.INTERMEDIATE.MANIFEST
C:\Users\yuxuan li\Documents\Visual Studio 2010\Projects\VSMacros80\homework1-1\retry\retry\Debug\retry.write.1.tlog
C:\Users\yuxuan li\Documents\Visual Studio 2010\Projects\VSMacros80\homework1-1\retry\retry\Debug\retry_manifest.rc
C:\USERS\YUXUAN LI\DOCUMENTS\VISUAL STUDIO 2010\PROJECTS\VSMACROS80\HOMEWORK1-1\RETRY\RETRY\DEBUG\UI.OBJ
C:\Users\yuxuan li\Documents\Visual Studio 2010\Projects\VSMacros80\homework1-1\retry\retry\Debug\vc100.idb
C:\USERS\YUXUAN LI\DOCUMENTS\VISUAL STUDIO 2010\PROJECTS\VSMACROS80\HOMEWORK1-1\RETRY\RETRY\DEBUG\VC100.PDB
