C:\Users\yuxuan li\Desktop\summer_semester-master\samples\Snake\Debug\cl.command.1.tlog
C:\Users\yuxuan li\Desktop\summer_semester-master\samples\Snake\Debug\CL.read.1.tlog
C:\Users\yuxuan li\Desktop\summer_semester-master\samples\Snake\Debug\CL.write.1.tlog
C:\USERS\YUXUAN LI\DESKTOP\SUMMER_SEMESTER-MASTER\SAMPLES\SNAKE\DEBUG\GAME_OPRATION.OBJ
C:\Users\yuxuan li\Desktop\summer_semester-master\samples\Snake\Debug\link.command.1.tlog
C:\Users\yuxuan li\Desktop\summer_semester-master\samples\Snake\Debug\link.read.1.tlog
C:\Users\yuxuan li\Desktop\summer_semester-master\samples\Snake\Debug\link.write.1.tlog
C:\USERS\YUXUAN LI\DESKTOP\SUMMER_SEMESTER-MASTER\SAMPLES\SNAKE\DEBUG\LINKLIST.OBJ
C:\Users\yuxuan li\Desktop\summer_semester-master\samples\Snake\Debug\mt.command.1.tlog
C:\Users\yuxuan li\Desktop\summer_semester-master\samples\Snake\Debug\mt.read.1.tlog
C:\Users\yuxuan li\Desktop\summer_semester-master\samples\Snake\Debug\mt.write.1.tlog
C:\USERS\YUXUAN LI\DESKTOP\SUMMER_SEMESTER-MASTER\SAMPLES\SNAKE\DEBUG\SNAKE.EXE
C:\USERS\YUXUAN LI\DESKTOP\SUMMER_SEMESTER-MASTER\SAMPLES\SNAKE\DEBUG\SNAKE.EXE.INTERMEDIATE.MANIFEST
C:\USERS\YUXUAN LI\DESKTOP\SUMMER_SEMESTER-MASTER\SAMPLES\SNAKE\DEBUG\SNAKE.ILK
C:\USERS\YUXUAN LI\DESKTOP\SUMMER_SEMESTER-MASTER\SAMPLES\SNAKE\DEBUG\SNAKE.PDB
C:\Users\yuxuan li\Desktop\summer_semester-master\samples\Snake\Debug\Snake.vcxprojResolveAssemblyReference.cache
C:\Users\yuxuan li\Desktop\summer_semester-master\samples\Snake\Debug\Snake.write.1.tlog
C:\USERS\YUXUAN LI\DESKTOP\SUMMER_SEMESTER-MASTER\SAMPLES\SNAKE\DEBUG\SNAKE_AND_FOOD.OBJ
C:\USERS\YUXUAN LI\DESKTOP\SUMMER_SEMESTER-MASTER\SAMPLES\SNAKE\DEBUG\UI.OBJ
C:\Users\yuxuan li\Desktop\summer_semester-master\samples\Snake\Debug\vc100.idb
C:\USERS\YUXUAN LI\DESKTOP\SUMMER_SEMESTER-MASTER\SAMPLES\SNAKE\DEBUG\VC100.PDB
