C:\USERS\YUXUAN LI\DOCUMENTS\VISUAL STUDIO 2010\PROJECTS\VSMACROS80\HOMEWORK1-1\WINMINE\DEBUG\WINMINE.EXE
C:\USERS\YUXUAN LI\DOCUMENTS\VISUAL STUDIO 2010\PROJECTS\VSMACROS80\HOMEWORK1-1\WINMINE\DEBUG\WINMINE.ILK
C:\USERS\YUXUAN LI\DOCUMENTS\VISUAL STUDIO 2010\PROJECTS\VSMACROS80\HOMEWORK1-1\WINMINE\DEBUG\WINMINE.PDB
C:\Users\yuxuan li\Documents\Visual Studio 2010\Projects\VSMacros80\homework1-1\winmine\winmine\Debug\cl.command.1.tlog
C:\Users\yuxuan li\Documents\Visual Studio 2010\Projects\VSMacros80\homework1-1\winmine\winmine\Debug\CL.read.1.tlog
C:\Users\yuxuan li\Documents\Visual Studio 2010\Projects\VSMacros80\homework1-1\winmine\winmine\Debug\CL.write.1.tlog
C:\Users\yuxuan li\Documents\Visual Studio 2010\Projects\VSMacros80\homework1-1\winmine\winmine\Debug\link.10892.read.1.tlog
C:\Users\yuxuan li\Documents\Visual Studio 2010\Projects\VSMacros80\homework1-1\winmine\winmine\Debug\link.10892.write.1.tlog
C:\Users\yuxuan li\Documents\Visual Studio 2010\Projects\VSMacros80\homework1-1\winmine\winmine\Debug\link.10892-cvtres.read.1.tlog
C:\Users\yuxuan li\Documents\Visual Studio 2010\Projects\VSMacros80\homework1-1\winmine\winmine\Debug\link.10892-cvtres.write.1.tlog
C:\Users\yuxuan li\Documents\Visual Studio 2010\Projects\VSMacros80\homework1-1\winmine\winmine\Debug\link.12300.read.1.tlog
C:\Users\yuxuan li\Documents\Visual Studio 2010\Projects\VSMacros80\homework1-1\winmine\winmine\Debug\link.12300.write.1.tlog
C:\Users\yuxuan li\Documents\Visual Studio 2010\Projects\VSMacros80\homework1-1\winmine\winmine\Debug\link.12300-cvtres.read.1.tlog
C:\Users\yuxuan li\Documents\Visual Studio 2010\Projects\VSMacros80\homework1-1\winmine\winmine\Debug\link.12300-cvtres.write.1.tlog
C:\Users\yuxuan li\Documents\Visual Studio 2010\Projects\VSMacros80\homework1-1\winmine\winmine\Debug\link.command.1.tlog
C:\Users\yuxuan li\Documents\Visual Studio 2010\Projects\VSMacros80\homework1-1\winmine\winmine\Debug\link.read.1.tlog
C:\Users\yuxuan li\Documents\Visual Studio 2010\Projects\VSMacros80\homework1-1\winmine\winmine\Debug\link.write.1.tlog
C:\Users\yuxuan li\Documents\Visual Studio 2010\Projects\VSMacros80\homework1-1\winmine\winmine\Debug\link-cvtres.read.1.tlog
C:\Users\yuxuan li\Documents\Visual Studio 2010\Projects\VSMacros80\homework1-1\winmine\winmine\Debug\link-cvtres.write.1.tlog
C:\USERS\YUXUAN LI\DOCUMENTS\VISUAL STUDIO 2010\PROJECTS\VSMACROS80\HOMEWORK1-1\WINMINE\WINMINE\DEBUG\MINE.OBJ
C:\Users\yuxuan li\Documents\Visual Studio 2010\Projects\VSMacros80\homework1-1\winmine\winmine\Debug\mt.command.1.tlog
C:\Users\yuxuan li\Documents\Visual Studio 2010\Projects\VSMacros80\homework1-1\winmine\winmine\Debug\mt.read.1.tlog
C:\Users\yuxuan li\Documents\Visual Studio 2010\Projects\VSMacros80\homework1-1\winmine\winmine\Debug\mt.write.1.tlog
C:\Users\yuxuan li\Documents\Visual Studio 2010\Projects\VSMacros80\homework1-1\winmine\winmine\Debug\rc.command.1.tlog
C:\Users\yuxuan li\Documents\Visual Studio 2010\Projects\VSMacros80\homework1-1\winmine\winmine\Debug\rc.read.1.tlog
C:\Users\yuxuan li\Documents\Visual Studio 2010\Projects\VSMacros80\homework1-1\winmine\winmine\Debug\rc.write.1.tlog
C:\USERS\YUXUAN LI\DOCUMENTS\VISUAL STUDIO 2010\PROJECTS\VSMACROS80\HOMEWORK1-1\WINMINE\WINMINE\DEBUG\UI.OBJ
C:\Users\yuxuan li\Documents\Visual Studio 2010\Projects\VSMacros80\homework1-1\winmine\winmine\Debug\vc100.idb
C:\USERS\YUXUAN LI\DOCUMENTS\VISUAL STUDIO 2010\PROJECTS\VSMACROS80\HOMEWORK1-1\WINMINE\WINMINE\DEBUG\VC100.PDB
C:\USERS\YUXUAN LI\DOCUMENTS\VISUAL STUDIO 2010\PROJECTS\VSMACROS80\HOMEWORK1-1\WINMINE\WINMINE\DEBUG\WINMINE.EXE.EMBED.MANIFEST
C:\USERS\YUXUAN LI\DOCUMENTS\VISUAL STUDIO 2010\PROJECTS\VSMACROS80\HOMEWORK1-1\WINMINE\WINMINE\DEBUG\WINMINE.EXE.EMBED.MANIFEST.RES
C:\USERS\YUXUAN LI\DOCUMENTS\VISUAL STUDIO 2010\PROJECTS\VSMACROS80\HOMEWORK1-1\WINMINE\WINMINE\DEBUG\WINMINE.EXE.INTERMEDIATE.MANIFEST
C:\Users\yuxuan li\Documents\Visual Studio 2010\Projects\VSMacros80\homework1-1\winmine\winmine\Debug\winmine.write.1.tlog
C:\Users\yuxuan li\Documents\Visual Studio 2010\Projects\VSMacros80\homework1-1\winmine\winmine\Debug\winmine_manifest.rc
